Arguments: 
  /Users/abbas/.nvm/versions/node/v12.13.1/bin/node /usr/local/Cellar/yarn/1.22.10/libexec/bin/yarn.js init bar

PATH: 
  /Library/Frameworks/Python.framework/Versions/3.9/bin:/usr/local/opt/mysql@5.6/bin:/Users/abbas/.rvm/gems/ruby-2.7.0@latest/bin:/Users/abbas/.rvm/gems/ruby-2.7.0@global/bin:/Users/abbas/.rvm/rubies/ruby-2.7.0/bin:/Users/abbas/.nvm/versions/node/v12.13.1/bin:/usr/local/bin:/usr/bin:/bin:/usr/sbin:/sbin:/Library/Apple/usr/bin:/Library/Frameworks/Python.framework/Versions/3.9/bin:/usr/local/opt/mysql@5.6/bin:/Users/abbas/.rvm/gems/ruby-2.7.0@latest/bin:/Users/abbas/.rvm/gems/ruby-2.7.0@global/bin:/Users/abbas/.rvm/rubies/ruby-2.7.0/bin:/Users/abbas/.nvm/versions/node/v12.13.1/bin:/Users/abbas/Library/Android/sdk/emulator:/Users/abbas/Library/Android/sdk/tools:/Users/abbas/Library/Android/sdk/tools/bin:/Users/abbas/Library/Android/sdk/platform-tools:/Users/abbas/.rvm/bin:/Users/abbas/Library/Android/sdk/emulator:/Users/abbas/Library/Android/sdk/tools:/Users/abbas/Library/Android/sdk/tools/bin:/Users/abbas/Library/Android/sdk/platform-tools

Yarn version: 
  1.22.10

Node version: 
  12.13.1

Platform: 
  darwin x64

Trace: 
  Error: canceled
      at Interface.<anonymous> (/usr/local/Cellar/yarn/1.22.10/libexec/lib/cli.js:137009:13)
      at Interface.emit (events.js:210:5)
      at Interface._ttyWrite (readline.js:887:16)
      at ReadStream.onkeypress (readline.js:191:10)
      at ReadStream.emit (events.js:210:5)
      at emitKeys (internal/readline/utils.js:433:14)
      at emitKeys.next (<anonymous>)
      at ReadStream.onData (readline.js:1153:36)
      at ReadStream.emit (events.js:210:5)
      at addChunk (_stream_readable.js:309:12)

npm manifest: 
  {
    "name": "foo",
    "version": "1.0.0",
    "description": "a dummy dependency",
    "main": "index.js",
    "license": "MIT"
  }

yarn manifest: 
  No manifest

Lockfile: 
  No lockfile
